17 янв 2019 15:43:35.952 WARN [main] org.web3j.codegen.LogGenerationReporter:report:18 - Definition of the function approve returns a value but is not defined as a view function. Please ensure it contains the view modifier if you want to read the return value
17 янв 2019 15:43:35.955 WARN [main] org.web3j.codegen.LogGenerationReporter:report:18 - Definition of the function transferFrom returns a value but is not defined as a view function. Please ensure it contains the view modifier if you want to read the return value
17 янв 2019 15:43:35.957 WARN [main] org.web3j.codegen.LogGenerationReporter:report:18 - Definition of the function decreaseApproval returns a value but is not defined as a view function. Please ensure it contains the view modifier if you want to read the return value
17 янв 2019 15:43:35.959 WARN [main] org.web3j.codegen.LogGenerationReporter:report:18 - Definition of the function transfer returns a value but is not defined as a view function. Please ensure it contains the view modifier if you want to read the return value
17 янв 2019 15:43:35.960 WARN [main] org.web3j.codegen.LogGenerationReporter:report:18 - Definition of the function increaseApproval returns a value but is not defined as a view function. Please ensure it contains the view modifier if you want to read the return value
17 янв 2019 15:51:31.072 WARN [main] org.web3j.codegen.LogGenerationReporter:report:18 - Definition of the function approve returns a value but is not defined as a view function. Please ensure it contains the view modifier if you want to read the return value
17 янв 2019 15:51:31.074 WARN [main] org.web3j.codegen.LogGenerationReporter:report:18 - Definition of the function transferFrom returns a value but is not defined as a view function. Please ensure it contains the view modifier if you want to read the return value
17 янв 2019 15:51:31.076 WARN [main] org.web3j.codegen.LogGenerationReporter:report:18 - Definition of the function mint returns a value but is not defined as a view function. Please ensure it contains the view modifier if you want to read the return value
17 янв 2019 15:51:31.077 WARN [main] org.web3j.codegen.LogGenerationReporter:report:18 - Definition of the function decreaseApproval returns a value but is not defined as a view function. Please ensure it contains the view modifier if you want to read the return value
17 янв 2019 15:51:31.078 WARN [main] org.web3j.codegen.LogGenerationReporter:report:18 - Definition of the function finishMinting returns a value but is not defined as a view function. Please ensure it contains the view modifier if you want to read the return value
17 янв 2019 15:51:31.079 WARN [main] org.web3j.codegen.LogGenerationReporter:report:18 - Definition of the function transfer returns a value but is not defined as a view function. Please ensure it contains the view modifier if you want to read the return value
17 янв 2019 15:51:31.080 WARN [main] org.web3j.codegen.LogGenerationReporter:report:18 - Definition of the function increaseApproval returns a value but is not defined as a view function. Please ensure it contains the view modifier if you want to read the return value
17 янв 2019 16:08:16.041 WARN [main] org.web3j.codegen.LogGenerationReporter:report:18 - Definition of the function approve returns a value but is not defined as a view function. Please ensure it contains the view modifier if you want to read the return value
17 янв 2019 16:08:16.044 WARN [main] org.web3j.codegen.LogGenerationReporter:report:18 - Definition of the function transferFrom returns a value but is not defined as a view function. Please ensure it contains the view modifier if you want to read the return value
17 янв 2019 16:08:16.046 WARN [main] org.web3j.codegen.LogGenerationReporter:report:18 - Definition of the function mint returns a value but is not defined as a view function. Please ensure it contains the view modifier if you want to read the return value
17 янв 2019 16:08:16.047 WARN [main] org.web3j.codegen.LogGenerationReporter:report:18 - Definition of the function decreaseApproval returns a value but is not defined as a view function. Please ensure it contains the view modifier if you want to read the return value
17 янв 2019 16:08:16.048 WARN [main] org.web3j.codegen.LogGenerationReporter:report:18 - Definition of the function finishMinting returns a value but is not defined as a view function. Please ensure it contains the view modifier if you want to read the return value
17 янв 2019 16:08:16.049 WARN [main] org.web3j.codegen.LogGenerationReporter:report:18 - Definition of the function transfer returns a value but is not defined as a view function. Please ensure it contains the view modifier if you want to read the return value
17 янв 2019 16:08:16.050 WARN [main] org.web3j.codegen.LogGenerationReporter:report:18 - Definition of the function increaseApproval returns a value but is not defined as a view function. Please ensure it contains the view modifier if you want to read the return value
17 янв 2019 16:12:29.949 WARN [main] org.web3j.codegen.LogGenerationReporter:report:18 - Definition of the function approve returns a value but is not defined as a view function. Please ensure it contains the view modifier if you want to read the return value
17 янв 2019 16:12:29.952 WARN [main] org.web3j.codegen.LogGenerationReporter:report:18 - Definition of the function transferFrom returns a value but is not defined as a view function. Please ensure it contains the view modifier if you want to read the return value
17 янв 2019 16:12:29.954 WARN [main] org.web3j.codegen.LogGenerationReporter:report:18 - Definition of the function transfer returns a value but is not defined as a view function. Please ensure it contains the view modifier if you want to read the return value
17 янв 2019 16:28:14.453 WARN [main] org.web3j.codegen.LogGenerationReporter:report:18 - Definition of the function approve returns a value but is not defined as a view function. Please ensure it contains the view modifier if you want to read the return value
17 янв 2019 16:28:14.459 WARN [main] org.web3j.codegen.LogGenerationReporter:report:18 - Definition of the function transferFrom returns a value but is not defined as a view function. Please ensure it contains the view modifier if you want to read the return value
17 янв 2019 16:28:14.465 WARN [main] org.web3j.codegen.LogGenerationReporter:report:18 - Definition of the function transfer returns a value but is not defined as a view function. Please ensure it contains the view modifier if you want to read the return value
17 янв 2019 16:44:04.845 WARN [main] org.web3j.codegen.LogGenerationReporter:report:18 - Definition of the function approve returns a value but is not defined as a view function. Please ensure it contains the view modifier if you want to read the return value
17 янв 2019 16:44:04.849 WARN [main] org.web3j.codegen.LogGenerationReporter:report:18 - Definition of the function transferFrom returns a value but is not defined as a view function. Please ensure it contains the view modifier if you want to read the return value
17 янв 2019 16:44:04.853 WARN [main] org.web3j.codegen.LogGenerationReporter:report:18 - Definition of the function transfer returns a value but is not defined as a view function. Please ensure it contains the view modifier if you want to read the return value
17 янв 2019 16:44:04.855 WARN [main] org.web3j.codegen.LogGenerationReporter:report:18 - Definition of the function transfer returns a value but is not defined as a view function. Please ensure it contains the view modifier if you want to read the return value
17 янв 2019 16:46:27.820 WARN [main] org.web3j.codegen.LogGenerationReporter:report:18 - Definition of the function approve returns a value but is not defined as a view function. Please ensure it contains the view modifier if you want to read the return value
17 янв 2019 16:46:27.823 WARN [main] org.web3j.codegen.LogGenerationReporter:report:18 - Definition of the function transferFrom returns a value but is not defined as a view function. Please ensure it contains the view modifier if you want to read the return value
17 янв 2019 16:46:27.826 WARN [main] org.web3j.codegen.LogGenerationReporter:report:18 - Definition of the function transfer returns a value but is not defined as a view function. Please ensure it contains the view modifier if you want to read the return value
17 янв 2019 16:46:27.828 WARN [main] org.web3j.codegen.LogGenerationReporter:report:18 - Definition of the function transfer returns a value but is not defined as a view function. Please ensure it contains the view modifier if you want to read the return value
17 янв 2019 16:51:05.087 WARN [main] org.web3j.codegen.LogGenerationReporter:report:18 - Definition of the function approve returns a value but is not defined as a view function. Please ensure it contains the view modifier if you want to read the return value
17 янв 2019 16:51:05.091 WARN [main] org.web3j.codegen.LogGenerationReporter:report:18 - Definition of the function transferFrom returns a value but is not defined as a view function. Please ensure it contains the view modifier if you want to read the return value
17 янв 2019 16:51:05.094 WARN [main] org.web3j.codegen.LogGenerationReporter:report:18 - Definition of the function decreaseApproval returns a value but is not defined as a view function. Please ensure it contains the view modifier if you want to read the return value
17 янв 2019 16:51:05.096 WARN [main] org.web3j.codegen.LogGenerationReporter:report:18 - Definition of the function transfer returns a value but is not defined as a view function. Please ensure it contains the view modifier if you want to read the return value
17 янв 2019 16:51:05.097 WARN [main] org.web3j.codegen.LogGenerationReporter:report:18 - Definition of the function transferTokens returns a value but is not defined as a view function. Please ensure it contains the view modifier if you want to read the return value
17 янв 2019 16:51:05.098 WARN [main] org.web3j.codegen.LogGenerationReporter:report:18 - Definition of the function increaseApproval returns a value but is not defined as a view function. Please ensure it contains the view modifier if you want to read the return value
17 янв 2019 16:55:50.868 WARN [main] org.web3j.codegen.LogGenerationReporter:report:18 - Definition of the function approve returns a value but is not defined as a view function. Please ensure it contains the view modifier if you want to read the return value
17 янв 2019 16:55:50.872 WARN [main] org.web3j.codegen.LogGenerationReporter:report:18 - Definition of the function setTokenPorter returns a value but is not defined as a view function. Please ensure it contains the view modifier if you want to read the return value
17 янв 2019 16:55:50.873 WARN [main] org.web3j.codegen.LogGenerationReporter:report:18 - Definition of the function transferFrom returns a value but is not defined as a view function. Please ensure it contains the view modifier if you want to read the return value
17 янв 2019 16:55:50.874 WARN [main] org.web3j.codegen.LogGenerationReporter:report:18 - Definition of the function changeOwnership returns a value but is not defined as a view function. Please ensure it contains the view modifier if you want to read the return value
17 янв 2019 16:55:50.877 WARN [main] org.web3j.codegen.LogGenerationReporter:report:18 - Definition of the function mint returns a value but is not defined as a view function. Please ensure it contains the view modifier if you want to read the return value
17 янв 2019 16:55:50.880 WARN [main] org.web3j.codegen.LogGenerationReporter:report:18 - Definition of the function export returns a value but is not defined as a view function. Please ensure it contains the view modifier if you want to read the return value
17 янв 2019 16:55:50.881 WARN [main] org.web3j.codegen.LogGenerationReporter:report:18 - Definition of the function approveMore returns a value but is not defined as a view function. Please ensure it contains the view modifier if you want to read the return value
17 янв 2019 16:55:50.882 WARN [main] org.web3j.codegen.LogGenerationReporter:report:18 - Definition of the function enableMETTransfers returns a value but is not defined as a view function. Please ensure it contains the view modifier if you want to read the return value
17 янв 2019 16:55:50.890 WARN [main] org.web3j.codegen.LogGenerationReporter:report:18 - Definition of the function importMET returns a value but is not defined as a view function. Please ensure it contains the view modifier if you want to read the return value
17 янв 2019 16:55:50.893 WARN [main] org.web3j.codegen.LogGenerationReporter:report:18 - Definition of the function approveLess returns a value but is not defined as a view function. Please ensure it contains the view modifier if you want to read the return value
17 янв 2019 16:55:50.893 WARN [main] org.web3j.codegen.LogGenerationReporter:report:18 - Definition of the function acceptOwnership returns a value but is not defined as a view function. Please ensure it contains the view modifier if you want to read the return value
17 янв 2019 16:55:50.895 WARN [main] org.web3j.codegen.LogGenerationReporter:report:18 - Definition of the function subWithdraw returns a value but is not defined as a view function. Please ensure it contains the view modifier if you want to read the return value
17 янв 2019 16:55:50.896 WARN [main] org.web3j.codegen.LogGenerationReporter:report:18 - Definition of the function cancelSubscription returns a value but is not defined as a view function. Please ensure it contains the view modifier if you want to read the return value
17 янв 2019 16:55:50.896 WARN [main] org.web3j.codegen.LogGenerationReporter:report:18 - Definition of the function destroy returns a value but is not defined as a view function. Please ensure it contains the view modifier if you want to read the return value
17 янв 2019 16:55:50.897 WARN [main] org.web3j.codegen.LogGenerationReporter:report:18 - Definition of the function transfer returns a value but is not defined as a view function. Please ensure it contains the view modifier if you want to read the return value
17 янв 2019 16:55:50.898 WARN [main] org.web3j.codegen.LogGenerationReporter:report:18 - Definition of the function subscribe returns a value but is not defined as a view function. Please ensure it contains the view modifier if you want to read the return value
17 янв 2019 16:55:50.898 WARN [main] org.web3j.codegen.LogGenerationReporter:report:18 - Definition of the function multiTransfer returns a value but is not defined as a view function. Please ensure it contains the view modifier if you want to read the return value
17 янв 2019 16:55:50.899 WARN [main] org.web3j.codegen.LogGenerationReporter:report:18 - Definition of the function multiSubWithdraw returns a value but is not defined as a view function. Please ensure it contains the view modifier if you want to read the return value
17 янв 2019 16:55:50.908 WARN [main] org.web3j.codegen.LogGenerationReporter:report:18 - Definition of the function multiSubWithdrawFor returns a value but is not defined as a view function. Please ensure it contains the view modifier if you want to read the return value
